<?xml version="1.0" encoding="UTF-8"?>
<!-- Generated by org.testng.reporters.JUnitXMLReporter -->
<testsuite ignored="0" hostname="YPH1008866LT" failures="0" tests="3" name="YashTCOEFramework_Test" time="29.405" errors="0" timestamp="09 Jan 2019 09:48:22 GMT">
  <testcase classname="TestCases.OpenPageTest" name="Login" time="6.016"/>
  <testcase classname="TestCases.OpenPageTest" name="ReadDataFromExcel" time="6.519"/>
  <testcase classname="TestCases.OpenPageTest" name="ReadDataFromXML" time="0.359"/>
</testsuite> <!-- YashTCOEFramework_Test -->
