<?xml version="1.0" encoding="UTF-8"?>
<!-- Generated by org.testng.reporters.JUnitXMLReporter -->
<testsuite ignored="1" hostname="YPH1008866LT" failures="0" tests="2" name="YashTCOEFramework_Test" time="0.966" errors="0" timestamp="11 Jan 2019 11:15:20 GMT">
  <testcase classname="TestCases.OpenPageTest" name="ReadDataFromExcel" time="0.785"/>
  <testcase classname="TestCases.OpenPageTest" name="WriteData" time="0.163"/>
  <testcase classname="TestCases.OpenPageTest" name="Login" time="0.0">
    <ignored/>
  </testcase> <!-- Login -->
</testsuite> <!-- YashTCOEFramework_Test -->
