<?xml version="1.0" encoding="UTF-8"?>
<testng-results ignored="1" total="3" passed="2" failed="0" skipped="0">
  <reporter-output>
  </reporter-output>
  <suite started-at="2019-01-11T11:15:19Z" name="YashTCOEFramework" finished-at="2019-01-11T11:15:20Z" duration-ms="966">
    <groups>
    </groups>
    <test started-at="2019-01-11T11:15:19Z" name="YashTCOEFramework_Test" finished-at="2019-01-11T11:15:20Z" duration-ms="966">
      <class name="TestCases.OpenPageTest">
        <test-method signature="ReadDataFromExcel(java.lang.String, java.lang.String, java.lang.String, java.lang.String, java.lang.String)[pri:2, instance:TestCases.OpenPageTest@625732]" started-at="2019-01-11T11:15:19Z" name="ReadDataFromExcel" finished-at="2019-01-11T11:15:20Z" duration-ms="785" status="PASS">
          <params>
            <param index="0">
              <value>
                <![CDATA[src\main\java\Resources]]>
              </value>
            </param>
            <param index="1">
              <value>
                <![CDATA[ReadData.xlsx]]>
              </value>
            </param>
            <param index="2">
              <value>
                <![CDATA[FirstSheet]]>
              </value>
            </param>
            <param index="3">
              <value>
                <![CDATA[src\test\java\ExtentReports]]>
              </value>
            </param>
            <param index="4">
              <value>
                <![CDATA[Reports.html]]>
              </value>
            </param>
          </params>
          <reporter-output>
          </reporter-output>
        </test-method> <!-- ReadDataFromExcel -->
        <test-method signature="WriteData(java.lang.String, java.lang.String, java.lang.String, java.lang.String, java.lang.String)[pri:3, instance:TestCases.OpenPageTest@625732]" started-at="2019-01-11T11:15:20Z" name="WriteData" finished-at="2019-01-11T11:15:20Z" duration-ms="163" status="PASS">
          <params>
            <param index="0">
              <value>
                <![CDATA[src\main\java\Resources]]>
              </value>
            </param>
            <param index="1">
              <value>
                <![CDATA[ReadData.xlsx]]>
              </value>
            </param>
            <param index="2">
              <value>
                <![CDATA[FirstSheet]]>
              </value>
            </param>
            <param index="3">
              <value>
                <![CDATA[src\test\java\ExtentReports]]>
              </value>
            </param>
            <param index="4">
              <value>
                <![CDATA[Reports.html]]>
              </value>
            </param>
          </params>
          <reporter-output>
          </reporter-output>
        </test-method> <!-- WriteData -->
        <test-method is-config="true" signature="ClosePages()[pri:0, instance:TestCases.OpenPageTest@625732]" started-at="2019-01-11T11:15:20Z" name="ClosePages" finished-at="2019-01-11T11:15:20Z" duration-ms="0" status="FAIL">
          <exception class="java.lang.NullPointerException">
            <full-stacktrace>
              <![CDATA[java.lang.NullPointerException
at TestCases.OpenPageTest.ClosePages(OpenPageTest.java:120)
at java.base/jdk.internal.reflect.NativeMethodAccessorImpl.invoke0(Native Method)
at java.base/jdk.internal.reflect.NativeMethodAccessorImpl.invoke(NativeMethodAccessorImpl.java:62)
at java.base/jdk.internal.reflect.DelegatingMethodAccessorImpl.invoke(DelegatingMethodAccessorImpl.java:43)
at java.base/java.lang.reflect.Method.invoke(Method.java:564)
at org.testng.internal.MethodInvocationHelper.invokeMethod(MethodInvocationHelper.java:124)
at org.testng.internal.MethodInvocationHelper.invokeMethodConsideringTimeout(MethodInvocationHelper.java:59)
at org.testng.internal.Invoker.invokeConfigurationMethod(Invoker.java:455)
at org.testng.internal.Invoker.invokeConfigurations(Invoker.java:222)
at org.testng.internal.Invoker.invokeConfigurations(Invoker.java:142)
at org.testng.SuiteRunner.privateRun(SuiteRunner.java:425)
at org.testng.SuiteRunner.run(SuiteRunner.java:364)
at org.testng.SuiteRunnerWorker.runSuite(SuiteRunnerWorker.java:52)
at org.testng.SuiteRunnerWorker.run(SuiteRunnerWorker.java:84)
at org.testng.TestNG.runSuitesSequentially(TestNG.java:1208)
at org.testng.TestNG.runSuitesLocally(TestNG.java:1137)
at org.testng.TestNG.runSuites(TestNG.java:1049)
at org.testng.TestNG.run(TestNG.java:1017)
at org.testng.remote.AbstractRemoteTestNG.run(AbstractRemoteTestNG.java:114)
at org.testng.remote.RemoteTestNG.initAndRun(RemoteTestNG.java:251)
at org.testng.remote.RemoteTestNG.main(RemoteTestNG.java:77)
]]>
            </full-stacktrace>
          </exception> <!-- java.lang.NullPointerException -->
          <reporter-output>
          </reporter-output>
        </test-method> <!-- ClosePages -->
      </class> <!-- TestCases.OpenPageTest -->
    </test> <!-- YashTCOEFramework_Test -->
  </suite> <!-- YashTCOEFramework -->
</testng-results>
