<?xml version="1.0" encoding="UTF-8"?>
<testng-results ignored="0" total="2" passed="2" failed="0" skipped="0">
  <reporter-output>
  </reporter-output>
  <suite started-at="2019-01-08T10:01:19Z" name="YashTCOEFramework" finished-at="2019-01-08T10:01:21Z" duration-ms="1688">
    <groups>
    </groups>
    <test started-at="2019-01-08T10:01:19Z" name="YashTCOEFramework_Test" finished-at="2019-01-08T10:01:21Z" duration-ms="1688">
      <class name="TestCases.OpenPageTest">
        <test-method signature="ReadDataFromExcel(java.lang.String, java.lang.String, java.lang.String, java.lang.String, java.lang.String)[pri:0, instance:TestCases.OpenPageTest@120f102b]" started-at="2019-01-08T10:01:19Z" name="ReadDataFromExcel" finished-at="2019-01-08T10:01:20Z" duration-ms="1427" status="PASS">
          <params>
            <param index="0">
              <value>
                <![CDATA[C:\Users\abhishek.khatod\Documents\eclipse_workspace\yash.TCOEFrameWork\src\main\java\Resources]]>
              </value>
            </param>
            <param index="1">
              <value>
                <![CDATA[ReadData.xlsx]]>
              </value>
            </param>
            <param index="2">
              <value>
                <![CDATA[FirstSheet]]>
              </value>
            </param>
            <param index="3">
              <value>
                <![CDATA[C:\Users\abhishek.khatod\Documents\eclipse_workspace\yash.TCOEFrameWork\src\test\java\ExtentReports]]>
              </value>
            </param>
            <param index="4">
              <value>
                <![CDATA[Reports.html]]>
              </value>
            </param>
          </params>
          <reporter-output>
          </reporter-output>
        </test-method> <!-- ReadDataFromExcel -->
        <test-method signature="ReadDataFromXML(java.lang.String, java.lang.String, java.lang.String, java.lang.String, java.lang.String, java.lang.String)[pri:0, instance:TestCases.OpenPageTest@120f102b]" started-at="2019-01-08T10:01:20Z" name="ReadDataFromXML" finished-at="2019-01-08T10:01:21Z" duration-ms="238" status="PASS">
          <params>
            <param index="0">
              <value>
                <![CDATA[C:\Users\abhishek.khatod\Documents\eclipse_workspace\yash.TCOEFrameWork\src\main\java\Resources]]>
              </value>
            </param>
            <param index="1">
              <value>
                <![CDATA[SampleXML.xml]]>
              </value>
            </param>
            <param index="2">
              <value>
                <![CDATA[Configuration.properties]]>
              </value>
            </param>
            <param index="3">
              <value>
                <![CDATA[C:\Users\abhishek.khatod\Documents\eclipse_workspace\yash.TCOEFrameWork\src\main\java\Configuration]]>
              </value>
            </param>
            <param index="4">
              <value>
                <![CDATA[C:\Users\abhishek.khatod\Documents\eclipse_workspace\yash.TCOEFrameWork\src\test\java\ExtentReports]]>
              </value>
            </param>
            <param index="5">
              <value>
                <![CDATA[Reports.html]]>
              </value>
            </param>
          </params>
          <reporter-output>
          </reporter-output>
        </test-method> <!-- ReadDataFromXML -->
      </class> <!-- TestCases.OpenPageTest -->
    </test> <!-- YashTCOEFramework_Test -->
  </suite> <!-- YashTCOEFramework -->
</testng-results>
